============================= test session starts ==============================
platform linux -- Python 3.8.10, pytest-8.3.4, pluggy-1.5.0
rootdir: /home/marcelo/dev/solax/tool/Hybrid-Solution/test
collected 6 items

test_battery_energy.py .                                                 [ 16%]
test_battery_power.py .                                                  [ 33%]
test_bms_by_inverter.py .                                                [ 50%]
test_duplicated_id.py .                                                  [ 66%]
test_inverter_peak_power.py .                                            [ 83%]
test_inverter_power.py .                                                 [100%]

============================== 6 passed in 0.03s ===============================
