============================= test session starts ==============================
platform linux -- Python 3.8.10, pytest-8.3.4, pluggy-1.5.0
rootdir: /home/marcelo/dev/solax/tool/Hybrid-Solution/test
collected 5 items

test_battery_energy.py .                                                 [ 20%]
test_battery_power.py .                                                  [ 40%]
test_duplicated_id.py .                                                  [ 60%]
test_inverter_peak_power.py .                                            [ 80%]
test_inverter_power.py .                                                 [100%]

============================== 5 passed in 0.03s ===============================
